<?xml version="1.0" encoding="UTF-8"?>
<testsuite errors="1" failures="1" name="FlakySuccessFirst" skips="0" time="3.0" tests="3">
    <!-- Flaky test: passes first, then fails (unusual order but should still work) -->
    <testcase classname="test_order.TestOrder"
        file="/home/runner/work/tests/test_order.py"
        line="15" name="test_success_first" time="1.0" />
    <testcase classname="test_order.TestOrder"
        file="/home/runner/work/tests/test_order.py"
        line="15" name="test_success_first" time="1.0">
        <failure message="later failure">This failure came after success</failure>
    </testcase>
    <testcase classname="test_order.TestOrder"
        file="/home/runner/work/tests/test_order.py"
        line="15" name="test_success_first" time="1.0">
        <error message="later error">This error came after success</error>
    </testcase>
</testsuite>
